<?xml version="1.0" encoding="UTF-8"?>
<!-- Generated by org.testng.reporters.JUnitReportReporter -->
<testsuite hostname="DESKTOP-N6CUJ8S" failures="0" tests="1" name="selenium.ForumTests" time="3.753" errors="0" timestamp="2022-12-02T16:22:53 CET" skipped="0">
  <testcase classname="selenium.ForumTests" name="SubmitTest" time="3.753"/>
  <system-out/>
</testsuite> <!-- selenium.ForumTests -->
